This is XeTeX, Version 3.14159265-2.6-0.99999 (TeX Live 2019/dev/Debian) (preloaded format=xelatex 2019.4.19)  12 AUG 2019 19:36
entering extended mode
 restricted \write18 enabled.
 file:line:error style messages enabled.
 %&-line parsing enabled.
**Assignment1.tex
(./Assignment1.tex
LaTeX2e <2018-12-01>
(/usr/share/texlive/texmf-dist/tex/latex/base/article.cls
Document Class: article 2018/09/03 v1.4i Standard LaTeX document class
(/usr/share/texlive/texmf-dist/tex/latex/base/size10.clo
File: size10.clo 2018/09/03 v1.4i Standard LaTeX file (size option)
)
\c@part=\count80
\c@section=\count81
\c@subsection=\count82
\c@subsubsection=\count83
\c@paragraph=\count84
\c@subparagraph=\count85
\c@figure=\count86
\c@table=\count87
\abovecaptionskip=\skip41
\belowcaptionskip=\skip42
\bibindent=\dimen102
) (/usr/share/texlive/texmf-dist/tex/latex/graphics/graphicx.sty
Package: graphicx 2017/06/01 v1.1a Enhanced LaTeX Graphics (DPC,SPQR)
 (/usr/share/texlive/texmf-dist/tex/latex/graphics/keyval.sty
Package: keyval 2014/10/28 v1.15 key=value parser (DPC)
\KV@toks@=\toks14
) (/usr/share/texlive/texmf-dist/tex/latex/graphics/graphics.sty
Package: graphics 2017/06/25 v1.2c Standard LaTeX Graphics (DPC,SPQR)
 (/usr/share/texlive/texmf-dist/tex/latex/graphics/trig.sty
Package: trig 2016/01/03 v1.10 sin cos tan (DPC)
) (/usr/share/texlive/texmf-dist/tex/latex/graphics-cfg/graphics.cfg
File: graphics.cfg 2016/06/04 v1.11 sample graphics configuration
)
Package graphics Info: Driver file: xetex.def on input line 99.
 (/usr/share/texlive/texmf-dist/tex/latex/graphics-def/xetex.def
File: xetex.def 2017/06/24 v5.0h Graphics/color driver for xetex
))
\Gin@req@height=\dimen103
\Gin@req@width=\dimen104
) (./Assignment1.aux)
\openout1 = `Assignment1.aux'.

LaTeX Font Info:    Checking defaults for OML/cmm/m/it on input line 4.
LaTeX Font Info:    ... okay on input line 4.
LaTeX Font Info:    Checking defaults for T1/cmr/m/n on input line 4.
LaTeX Font Info:    ... okay on input line 4.
LaTeX Font Info:    Checking defaults for OT1/cmr/m/n on input line 4.
LaTeX Font Info:    ... okay on input line 4.
LaTeX Font Info:    Checking defaults for OMS/cmsy/m/n on input line 4.
LaTeX Font Info:    ... okay on input line 4.
LaTeX Font Info:    Checking defaults for TU/lmr/m/n on input line 4.
LaTeX Font Info:    ... okay on input line 4.
LaTeX Font Info:    Checking defaults for OMX/cmex/m/n on input line 4.
LaTeX Font Info:    ... okay on input line 4.
LaTeX Font Info:    Checking defaults for U/cmr/m/n on input line 4.
LaTeX Font Info:    ... okay on input line 4.
LaTeX Font Info:    External font `cmex10' loaded for size
(Font)              <12> on input line 9.
LaTeX Font Info:    External font `cmex10' loaded for size
(Font)              <8> on input line 9.
LaTeX Font Info:    External font `cmex10' loaded for size
(Font)              <6> on input line 9.
LaTeX Font Info:    External font `cmex10' loaded for size
(Font)              <7> on input line 22.
LaTeX Font Info:    External font `cmex10' loaded for size
(Font)              <5> on input line 22.

./Assignment1.tex:36: Too many }'s.
l.36 ...igures: \ref{fig:fig1} and \ref{fig:fig2}}
                                                  
You've closed more groups than you opened.
Such booboos are generally harmless, so keep going.


Underfull \hbox (badness 10000) in paragraph at lines 18--37

 []

File: q1a.png Graphic file (type bmp)
<q1a.png>

LaTeX Warning: `h' float specifier changed to `ht'.

File: q1b.png Graphic file (type bmp)
<q1b.png>

LaTeX Warning: `h' float specifier changed to `ht'.


Underfull \hbox (badness 10000) in paragraph at lines 52--62

 []


Underfull \hbox (badness 10000) in paragraph at lines 52--62

 []


Underfull \hbox (badness 10000) in paragraph at lines 52--62

 []


Underfull \hbox (badness 10000) in paragraph at lines 52--62

 []

[1

] [2]
Underfull \hbox (badness 10000) in paragraph at lines 64--68

 []


Underfull \hbox (badness 10000) in paragraph at lines 70--74

 []


Underfull \hbox (badness 10000) in paragraph at lines 76--82

 []


Underfull \hbox (badness 10000) in paragraph at lines 76--82

 []

[3]
Underfull \hbox (badness 10000) in paragraph at lines 84--88

 []


LaTeX Warning: `h' float specifier changed to `ht'.


Underfull \hbox (badness 10000) in paragraph at lines 118--125

 []


Underfull \hbox (badness 10000) in paragraph at lines 118--125

 []


Underfull \hbox (badness 10000) in paragraph at lines 118--125

 []

[4]
Underfull \hbox (badness 10000) in paragraph at lines 127--133

 []


Underfull \hbox (badness 10000) in paragraph at lines 127--133

 []

[5]
Underfull \hbox (badness 10000) in paragraph at lines 135--140

 []


Underfull \hbox (badness 10000) in paragraph at lines 135--140

 []


Underfull \hbox (badness 10000) in paragraph at lines 142--146

 []

[6] (./Assignment1.aux) ) 
Here is how much of TeX's memory you used:
 646 strings out of 492912
 8219 string characters out of 6134893
 81188 words of memory out of 5000000
 4734 multiletter control sequences out of 15000+600000
 6448 words of font info for 32 fonts, out of 8000000 for 9000
 1348 hyphenation exceptions out of 8191
 25i,8n,19p,879b,274s stack positions out of 5000i,500n,10000p,200000b,80000s

Output written on Assignment1.xdv (6 pages, 107504 bytes).
